<?xml version="1.0" encoding="UTF-8"?>
<testng-results skipped="0" failed="0" ignored="0" total="1" passed="1">
  <reporter-output>
  </reporter-output>
  <suite name="Default suite" duration-ms="12757" started-at="2021-09-28T08:54:03 IST" finished-at="2021-09-28T08:54:15 IST">
    <groups>
    </groups>
    <test name="Default test" duration-ms="12757" started-at="2021-09-28T08:54:03 IST" finished-at="2021-09-28T08:54:15 IST">
      <class name="scripts.AddingCourseToCart">
        <test-method status="PASS" signature="openApp()[pri:0, instance:scripts.AddingCourseToCart@1a8a8f7c]" name="openApp" is-config="true" duration-ms="6631" started-at="2021-09-28T08:54:03 IST" finished-at="2021-09-28T08:54:09 IST">
          <reporter-output>
          </reporter-output>
        </test-method> <!-- openApp -->
        <test-method status="PASS" signature="course()[pri:0, instance:scripts.AddingCourseToCart@1a8a8f7c]" name="course" duration-ms="5272" started-at="2021-09-28T08:54:09 IST" finished-at="2021-09-28T08:54:15 IST">
          <reporter-output>
          </reporter-output>
        </test-method> <!-- course -->
        <test-method status="PASS" signature="closeApp(org.testng.ITestResult)[pri:0, instance:scripts.AddingCourseToCart@1a8a8f7c]" name="closeApp" is-config="true" duration-ms="785" started-at="2021-09-28T08:54:15 IST" finished-at="2021-09-28T08:54:15 IST">
          <params>
            <param index="0">
              <value>
                <![CDATA[[TestResult name=course status=SUCCESS method=AddingCourseToCart.course()[pri:0, instance:scripts.AddingCourseToCart@1a8a8f7c] output={null}]]]>
              </value>
            </param>
          </params>
          <reporter-output>
          </reporter-output>
        </test-method> <!-- closeApp -->
      </class> <!-- scripts.AddingCourseToCart -->
    </test> <!-- Default test -->
  </suite> <!-- Default suite -->
</testng-results>
